{"/Users/romanparkhomenko/Documents/personalProjects/kaloree/components/Forms/AddMeal.tsx": {"path":"/Users/romanparkhomenko/Documents/personalProjects/kaloree/components/Forms/AddMeal.tsx","statementMap":{"0":{"start":{"line":5,"column":26},"end":{"line":167,"column":1}},"1":{"start":{"line":6,"column":26},"end":{"line":6,"column":38}},"2":{"start":{"line":7,"column":42},"end":{"line":7,"column":54}},"3":{"start":{"line":8,"column":28},"end":{"line":8,"column":40}},"4":{"start":{"line":9,"column":30},"end":{"line":9,"column":42}},"5":{"start":{"line":10,"column":34},"end":{"line":10,"column":46}},"6":{"start":{"line":11,"column":46},"end":{"line":11,"column":58}},"7":{"start":{"line":12,"column":42},"end":{"line":12,"column":54}},"8":{"start":{"line":14,"column":21},"end":{"line":47,"column":3}},"9":{"start":{"line":15,"column":4},"end":{"line":15,"column":23}},"10":{"start":{"line":16,"column":4},"end":{"line":16,"column":26}},"11":{"start":{"line":17,"column":4},"end":{"line":17,"column":24}},"12":{"start":{"line":18,"column":4},"end":{"line":46,"column":5}},"13":{"start":{"line":19,"column":19},"end":{"line":19,"column":66}},"14":{"start":{"line":20,"column":6},"end":{"line":42,"column":11}},"15":{"start":{"line":25,"column":21},"end":{"line":25,"column":31}},"16":{"start":{"line":27,"column":10},"end":{"line":27,"column":33}},"17":{"start":{"line":28,"column":10},"end":{"line":28,"column":59}},"18":{"start":{"line":29,"column":10},"end":{"line":29,"column":22}},"19":{"start":{"line":30,"column":10},"end":{"line":30,"column":30}},"20":{"start":{"line":31,"column":10},"end":{"line":31,"column":23}},"21":{"start":{"line":32,"column":10},"end":{"line":32,"column":24}},"22":{"start":{"line":33,"column":10},"end":{"line":33,"column":26}},"23":{"start":{"line":35,"column":10},"end":{"line":37,"column":19}},"24":{"start":{"line":36,"column":12},"end":{"line":36,"column":34}},"25":{"start":{"line":40,"column":10},"end":{"line":40,"column":58}},"26":{"start":{"line":41,"column":10},"end":{"line":41,"column":30}},"27":{"start":{"line":44,"column":6},"end":{"line":44,"column":54}},"28":{"start":{"line":45,"column":6},"end":{"line":45,"column":27}},"29":{"start":{"line":49,"column":21},"end":{"line":55,"column":3}},"30":{"start":{"line":50,"column":14},"end":{"line":50,"column":31}},"31":{"start":{"line":51,"column":15},"end":{"line":51,"column":37}},"32":{"start":{"line":52,"column":4},"end":{"line":52,"column":24}},"33":{"start":{"line":53,"column":4},"end":{"line":53,"column":27}},"34":{"start":{"line":54,"column":4},"end":{"line":54,"column":18}},"35":{"start":{"line":57,"column":22},"end":{"line":62,"column":3}},"36":{"start":{"line":58,"column":15},"end":{"line":58,"column":33}},"37":{"start":{"line":59,"column":14},"end":{"line":59,"column":37}},"38":{"start":{"line":60,"column":4},"end":{"line":60,"column":29}},"39":{"start":{"line":61,"column":4},"end":{"line":61,"column":16}},"40":{"start":{"line":64,"column":2},"end":{"line":166,"column":4}},"41":{"start":{"line":86,"column":37},"end":{"line":86,"column":60}},"42":{"start":{"line":99,"column":37},"end":{"line":99,"column":68}},"43":{"start":{"line":112,"column":37},"end":{"line":112,"column":63}},"44":{"start":{"line":125,"column":37},"end":{"line":125,"column":64}},"45":{"start":{"line":138,"column":37},"end":{"line":138,"column":64}},"46":{"start":{"line":148,"column":36},"end":{"line":148,"column":49}}},"fnMap":{"0":{"name":"(anonymous_0)","decl":{"start":{"line":5,"column":26},"end":{"line":5,"column":27}},"loc":{"start":{"line":5,"column":32},"end":{"line":167,"column":1}},"line":5},"1":{"name":"(anonymous_1)","decl":{"start":{"line":14,"column":21},"end":{"line":14,"column":22}},"loc":{"start":{"line":14,"column":56},"end":{"line":47,"column":3}},"line":14},"2":{"name":"(anonymous_2)","decl":{"start":{"line":25,"column":14},"end":{"line":25,"column":15}},"loc":{"start":{"line":25,"column":21},"end":{"line":25,"column":31}},"line":25},"3":{"name":"(anonymous_3)","decl":{"start":{"line":26,"column":14},"end":{"line":26,"column":15}},"loc":{"start":{"line":26,"column":26},"end":{"line":38,"column":9}},"line":26},"4":{"name":"(anonymous_4)","decl":{"start":{"line":35,"column":21},"end":{"line":35,"column":22}},"loc":{"start":{"line":35,"column":27},"end":{"line":37,"column":11}},"line":35},"5":{"name":"(anonymous_5)","decl":{"start":{"line":39,"column":15},"end":{"line":39,"column":16}},"loc":{"start":{"line":39,"column":24},"end":{"line":42,"column":9}},"line":39},"6":{"name":"(anonymous_6)","decl":{"start":{"line":49,"column":21},"end":{"line":49,"column":22}},"loc":{"start":{"line":49,"column":30},"end":{"line":55,"column":3}},"line":49},"7":{"name":"(anonymous_7)","decl":{"start":{"line":57,"column":22},"end":{"line":57,"column":23}},"loc":{"start":{"line":57,"column":32},"end":{"line":62,"column":3}},"line":57},"8":{"name":"(anonymous_8)","decl":{"start":{"line":86,"column":32},"end":{"line":86,"column":33}},"loc":{"start":{"line":86,"column":37},"end":{"line":86,"column":60}},"line":86},"9":{"name":"(anonymous_9)","decl":{"start":{"line":99,"column":32},"end":{"line":99,"column":33}},"loc":{"start":{"line":99,"column":37},"end":{"line":99,"column":68}},"line":99},"10":{"name":"(anonymous_10)","decl":{"start":{"line":112,"column":32},"end":{"line":112,"column":33}},"loc":{"start":{"line":112,"column":37},"end":{"line":112,"column":63}},"line":112},"11":{"name":"(anonymous_11)","decl":{"start":{"line":125,"column":32},"end":{"line":125,"column":33}},"loc":{"start":{"line":125,"column":37},"end":{"line":125,"column":64}},"line":125},"12":{"name":"(anonymous_12)","decl":{"start":{"line":138,"column":32},"end":{"line":138,"column":33}},"loc":{"start":{"line":138,"column":37},"end":{"line":138,"column":64}},"line":138},"13":{"name":"(anonymous_13)","decl":{"start":{"line":148,"column":31},"end":{"line":148,"column":32}},"loc":{"start":{"line":148,"column":36},"end":{"line":148,"column":49}},"line":148}},"branchMap":{"0":{"loc":{"start":{"line":152,"column":21},"end":{"line":154,"column":21}},"type":"binary-expr","locations":[{"start":{"line":152,"column":21},"end":{"line":152,"column":35}},{"start":{"line":153,"column":22},"end":{"line":153,"column":95}}],"line":152},"1":{"loc":{"start":{"line":155,"column":21},"end":{"line":157,"column":21}},"type":"binary-expr","locations":[{"start":{"line":155,"column":21},"end":{"line":155,"column":33}},{"start":{"line":156,"column":22},"end":{"line":156,"column":96}}],"line":155}},"s":{"0":1,"1":14,"2":14,"3":14,"4":14,"5":14,"6":14,"7":14,"8":14,"9":1,"10":1,"11":1,"12":1,"13":1,"14":1,"15":1,"16":1,"17":1,"18":1,"19":1,"20":1,"21":1,"22":1,"23":1,"24":0,"25":0,"26":0,"27":0,"28":0,"29":14,"30":1,"31":1,"32":1,"33":1,"34":1,"35":14,"36":1,"37":1,"38":1,"39":1,"40":14,"41":1,"42":1,"43":1,"44":1,"45":1,"46":1},"f":{"0":14,"1":1,"2":1,"3":1,"4":0,"5":0,"6":1,"7":1,"8":1,"9":1,"10":1,"11":1,"12":1,"13":1},"b":{"0":[14,6],"1":[14,0]},"_coverageSchema":"1a1c01bbd47fc00a2c39e90264f33305004495a9","hash":"4d1f2669f1ab710a50a7ef657c2628967a42a1a3"}
,"/Users/romanparkhomenko/Documents/personalProjects/kaloree/components/Forms/AddWeight.tsx": {"path":"/Users/romanparkhomenko/Documents/personalProjects/kaloree/components/Forms/AddWeight.tsx","statementMap":{"0":{"start":{"line":6,"column":28},"end":{"line":92,"column":1}},"1":{"start":{"line":7,"column":30},"end":{"line":7,"column":42}},"2":{"start":{"line":8,"column":46},"end":{"line":8,"column":58}},"3":{"start":{"line":9,"column":42},"end":{"line":9,"column":54}},"4":{"start":{"line":11,"column":23},"end":{"line":39,"column":3}},"5":{"start":{"line":12,"column":4},"end":{"line":12,"column":23}},"6":{"start":{"line":13,"column":4},"end":{"line":13,"column":26}},"7":{"start":{"line":14,"column":4},"end":{"line":14,"column":24}},"8":{"start":{"line":15,"column":4},"end":{"line":38,"column":5}},"9":{"start":{"line":16,"column":19},"end":{"line":16,"column":29}},"10":{"start":{"line":17,"column":6},"end":{"line":34,"column":11}},"11":{"start":{"line":22,"column":21},"end":{"line":22,"column":31}},"12":{"start":{"line":24,"column":10},"end":{"line":24,"column":33}},"13":{"start":{"line":25,"column":10},"end":{"line":25,"column":58}},"14":{"start":{"line":26,"column":10},"end":{"line":26,"column":24}},"15":{"start":{"line":27,"column":10},"end":{"line":29,"column":19}},"16":{"start":{"line":28,"column":12},"end":{"line":28,"column":34}},"17":{"start":{"line":32,"column":10},"end":{"line":32,"column":58}},"18":{"start":{"line":33,"column":10},"end":{"line":33,"column":30}},"19":{"start":{"line":36,"column":6},"end":{"line":36,"column":54}},"20":{"start":{"line":37,"column":6},"end":{"line":37,"column":27}},"21":{"start":{"line":41,"column":2},"end":{"line":91,"column":4}},"22":{"start":{"line":63,"column":37},"end":{"line":63,"column":62}},"23":{"start":{"line":73,"column":36},"end":{"line":73,"column":51}}},"fnMap":{"0":{"name":"(anonymous_0)","decl":{"start":{"line":6,"column":28},"end":{"line":6,"column":29}},"loc":{"start":{"line":6,"column":34},"end":{"line":92,"column":1}},"line":6},"1":{"name":"(anonymous_1)","decl":{"start":{"line":11,"column":23},"end":{"line":11,"column":24}},"loc":{"start":{"line":11,"column":58},"end":{"line":39,"column":3}},"line":11},"2":{"name":"(anonymous_2)","decl":{"start":{"line":22,"column":14},"end":{"line":22,"column":15}},"loc":{"start":{"line":22,"column":21},"end":{"line":22,"column":31}},"line":22},"3":{"name":"(anonymous_3)","decl":{"start":{"line":23,"column":14},"end":{"line":23,"column":15}},"loc":{"start":{"line":23,"column":26},"end":{"line":30,"column":9}},"line":23},"4":{"name":"(anonymous_4)","decl":{"start":{"line":27,"column":21},"end":{"line":27,"column":22}},"loc":{"start":{"line":27,"column":27},"end":{"line":29,"column":11}},"line":27},"5":{"name":"(anonymous_5)","decl":{"start":{"line":31,"column":15},"end":{"line":31,"column":16}},"loc":{"start":{"line":31,"column":24},"end":{"line":34,"column":9}},"line":31},"6":{"name":"(anonymous_6)","decl":{"start":{"line":63,"column":32},"end":{"line":63,"column":33}},"loc":{"start":{"line":63,"column":37},"end":{"line":63,"column":62}},"line":63},"7":{"name":"(anonymous_7)","decl":{"start":{"line":73,"column":31},"end":{"line":73,"column":32}},"loc":{"start":{"line":73,"column":36},"end":{"line":73,"column":51}},"line":73}},"branchMap":{"0":{"loc":{"start":{"line":77,"column":21},"end":{"line":79,"column":21}},"type":"binary-expr","locations":[{"start":{"line":77,"column":21},"end":{"line":77,"column":35}},{"start":{"line":78,"column":22},"end":{"line":78,"column":95}}],"line":77},"1":{"loc":{"start":{"line":80,"column":21},"end":{"line":82,"column":21}},"type":"binary-expr","locations":[{"start":{"line":80,"column":21},"end":{"line":80,"column":33}},{"start":{"line":81,"column":22},"end":{"line":81,"column":96}}],"line":80}},"s":{"0":1,"1":6,"2":6,"3":6,"4":6,"5":1,"6":1,"7":1,"8":1,"9":1,"10":1,"11":1,"12":1,"13":1,"14":1,"15":1,"16":0,"17":0,"18":0,"19":0,"20":0,"21":6,"22":1,"23":1},"f":{"0":6,"1":1,"2":1,"3":1,"4":0,"5":0,"6":1,"7":1},"b":{"0":[6,2],"1":[6,0]},"_coverageSchema":"1a1c01bbd47fc00a2c39e90264f33305004495a9","hash":"2af44270375fc918d99c53a78b59fb3b0028a973"}
,"/Users/romanparkhomenko/Documents/personalProjects/kaloree/components/Forms/AddWorkout.tsx": {"path":"/Users/romanparkhomenko/Documents/personalProjects/kaloree/components/Forms/AddWorkout.tsx","statementMap":{"0":{"start":{"line":6,"column":29},"end":{"line":137,"column":1}},"1":{"start":{"line":7,"column":32},"end":{"line":7,"column":44}},"2":{"start":{"line":8,"column":32},"end":{"line":8,"column":44}},"3":{"start":{"line":9,"column":44},"end":{"line":9,"column":56}},"4":{"start":{"line":10,"column":30},"end":{"line":10,"column":42}},"5":{"start":{"line":11,"column":46},"end":{"line":11,"column":58}},"6":{"start":{"line":12,"column":42},"end":{"line":12,"column":54}},"7":{"start":{"line":14,"column":21},"end":{"line":45,"column":3}},"8":{"start":{"line":15,"column":4},"end":{"line":15,"column":23}},"9":{"start":{"line":16,"column":4},"end":{"line":16,"column":26}},"10":{"start":{"line":17,"column":4},"end":{"line":17,"column":24}},"11":{"start":{"line":18,"column":4},"end":{"line":44,"column":5}},"12":{"start":{"line":19,"column":19},"end":{"line":19,"column":62}},"13":{"start":{"line":20,"column":6},"end":{"line":40,"column":11}},"14":{"start":{"line":25,"column":21},"end":{"line":25,"column":31}},"15":{"start":{"line":27,"column":10},"end":{"line":27,"column":33}},"16":{"start":{"line":28,"column":10},"end":{"line":28,"column":62}},"17":{"start":{"line":29,"column":10},"end":{"line":29,"column":25}},"18":{"start":{"line":30,"column":10},"end":{"line":30,"column":25}},"19":{"start":{"line":31,"column":10},"end":{"line":31,"column":31}},"20":{"start":{"line":32,"column":10},"end":{"line":32,"column":24}},"21":{"start":{"line":33,"column":10},"end":{"line":35,"column":19}},"22":{"start":{"line":34,"column":12},"end":{"line":34,"column":34}},"23":{"start":{"line":38,"column":10},"end":{"line":38,"column":58}},"24":{"start":{"line":39,"column":10},"end":{"line":39,"column":30}},"25":{"start":{"line":42,"column":6},"end":{"line":42,"column":54}},"26":{"start":{"line":43,"column":6},"end":{"line":43,"column":27}},"27":{"start":{"line":47,"column":2},"end":{"line":136,"column":4}},"28":{"start":{"line":69,"column":37},"end":{"line":69,"column":63}},"29":{"start":{"line":82,"column":37},"end":{"line":82,"column":63}},"30":{"start":{"line":95,"column":37},"end":{"line":95,"column":69}},"31":{"start":{"line":108,"column":37},"end":{"line":108,"column":62}},"32":{"start":{"line":118,"column":36},"end":{"line":118,"column":49}}},"fnMap":{"0":{"name":"(anonymous_0)","decl":{"start":{"line":6,"column":29},"end":{"line":6,"column":30}},"loc":{"start":{"line":6,"column":35},"end":{"line":137,"column":1}},"line":6},"1":{"name":"(anonymous_1)","decl":{"start":{"line":14,"column":21},"end":{"line":14,"column":22}},"loc":{"start":{"line":14,"column":56},"end":{"line":45,"column":3}},"line":14},"2":{"name":"(anonymous_2)","decl":{"start":{"line":25,"column":14},"end":{"line":25,"column":15}},"loc":{"start":{"line":25,"column":21},"end":{"line":25,"column":31}},"line":25},"3":{"name":"(anonymous_3)","decl":{"start":{"line":26,"column":14},"end":{"line":26,"column":15}},"loc":{"start":{"line":26,"column":26},"end":{"line":36,"column":9}},"line":26},"4":{"name":"(anonymous_4)","decl":{"start":{"line":33,"column":21},"end":{"line":33,"column":22}},"loc":{"start":{"line":33,"column":27},"end":{"line":35,"column":11}},"line":33},"5":{"name":"(anonymous_5)","decl":{"start":{"line":37,"column":15},"end":{"line":37,"column":16}},"loc":{"start":{"line":37,"column":24},"end":{"line":40,"column":9}},"line":37},"6":{"name":"(anonymous_6)","decl":{"start":{"line":69,"column":32},"end":{"line":69,"column":33}},"loc":{"start":{"line":69,"column":37},"end":{"line":69,"column":63}},"line":69},"7":{"name":"(anonymous_7)","decl":{"start":{"line":82,"column":32},"end":{"line":82,"column":33}},"loc":{"start":{"line":82,"column":37},"end":{"line":82,"column":63}},"line":82},"8":{"name":"(anonymous_8)","decl":{"start":{"line":95,"column":32},"end":{"line":95,"column":33}},"loc":{"start":{"line":95,"column":37},"end":{"line":95,"column":69}},"line":95},"9":{"name":"(anonymous_9)","decl":{"start":{"line":108,"column":32},"end":{"line":108,"column":33}},"loc":{"start":{"line":108,"column":37},"end":{"line":108,"column":62}},"line":108},"10":{"name":"(anonymous_10)","decl":{"start":{"line":118,"column":31},"end":{"line":118,"column":32}},"loc":{"start":{"line":118,"column":36},"end":{"line":118,"column":49}},"line":118}},"branchMap":{"0":{"loc":{"start":{"line":122,"column":21},"end":{"line":124,"column":21}},"type":"binary-expr","locations":[{"start":{"line":122,"column":21},"end":{"line":122,"column":35}},{"start":{"line":123,"column":22},"end":{"line":123,"column":95}}],"line":122},"1":{"loc":{"start":{"line":125,"column":21},"end":{"line":127,"column":21}},"type":"binary-expr","locations":[{"start":{"line":125,"column":21},"end":{"line":125,"column":33}},{"start":{"line":126,"column":22},"end":{"line":126,"column":96}}],"line":125}},"s":{"0":1,"1":12,"2":12,"3":12,"4":12,"5":12,"6":12,"7":12,"8":1,"9":1,"10":1,"11":1,"12":1,"13":1,"14":1,"15":1,"16":1,"17":1,"18":1,"19":1,"20":1,"21":1,"22":0,"23":0,"24":0,"25":0,"26":0,"27":12,"28":1,"29":1,"30":1,"31":1,"32":1},"f":{"0":12,"1":1,"2":1,"3":1,"4":0,"5":0,"6":1,"7":1,"8":1,"9":1,"10":1},"b":{"0":[12,5],"1":[12,0]},"_coverageSchema":"1a1c01bbd47fc00a2c39e90264f33305004495a9","hash":"b601477c377ec42a0d3c952cb8a44afb78227c5a"}
,"/Users/romanparkhomenko/Documents/personalProjects/kaloree/components/Headers/FriendsHeader.tsx": {"path":"/Users/romanparkhomenko/Documents/personalProjects/kaloree/components/Headers/FriendsHeader.tsx","statementMap":{"0":{"start":{"line":20,"column":32},"end":{"line":171,"column":1}},"1":{"start":{"line":21,"column":30},"end":{"line":21,"column":42}},"2":{"start":{"line":22,"column":44},"end":{"line":22,"column":56}},"3":{"start":{"line":23,"column":46},"end":{"line":23,"column":58}},"4":{"start":{"line":24,"column":42},"end":{"line":24,"column":54}},"5":{"start":{"line":26,"column":27},"end":{"line":50,"column":3}},"6":{"start":{"line":27,"column":4},"end":{"line":27,"column":23}},"7":{"start":{"line":28,"column":4},"end":{"line":28,"column":26}},"8":{"start":{"line":29,"column":4},"end":{"line":29,"column":24}},"9":{"start":{"line":30,"column":4},"end":{"line":49,"column":5}},"10":{"start":{"line":31,"column":19},"end":{"line":31,"column":29}},"11":{"start":{"line":32,"column":6},"end":{"line":45,"column":11}},"12":{"start":{"line":37,"column":21},"end":{"line":37,"column":31}},"13":{"start":{"line":39,"column":10},"end":{"line":39,"column":33}},"14":{"start":{"line":40,"column":10},"end":{"line":40,"column":37}},"15":{"start":{"line":43,"column":10},"end":{"line":43,"column":58}},"16":{"start":{"line":44,"column":10},"end":{"line":44,"column":30}},"17":{"start":{"line":47,"column":6},"end":{"line":47,"column":54}},"18":{"start":{"line":48,"column":6},"end":{"line":48,"column":27}},"19":{"start":{"line":52,"column":20},"end":{"line":79,"column":3}},"20":{"start":{"line":53,"column":4},"end":{"line":53,"column":23}},"21":{"start":{"line":54,"column":4},"end":{"line":54,"column":26}},"22":{"start":{"line":55,"column":4},"end":{"line":55,"column":24}},"23":{"start":{"line":56,"column":4},"end":{"line":78,"column":5}},"24":{"start":{"line":57,"column":19},"end":{"line":57,"column":31}},"25":{"start":{"line":58,"column":6},"end":{"line":74,"column":11}},"26":{"start":{"line":63,"column":21},"end":{"line":63,"column":31}},"27":{"start":{"line":67,"column":25},"end":{"line":67,"column":79}},"28":{"start":{"line":67,"column":55},"end":{"line":67,"column":78}},"29":{"start":{"line":68,"column":10},"end":{"line":68,"column":32}},"30":{"start":{"line":69,"column":10},"end":{"line":69,"column":33}},"31":{"start":{"line":72,"column":10},"end":{"line":72,"column":58}},"32":{"start":{"line":73,"column":10},"end":{"line":73,"column":30}},"33":{"start":{"line":76,"column":6},"end":{"line":76,"column":54}},"34":{"start":{"line":77,"column":6},"end":{"line":77,"column":27}},"35":{"start":{"line":83,"column":2},"end":{"line":170,"column":4}},"36":{"start":{"line":100,"column":37},"end":{"line":100,"column":62}},"37":{"start":{"line":108,"column":36},"end":{"line":108,"column":55}},"38":{"start":{"line":136,"column":26},"end":{"line":156,"column":31}},"39":{"start":{"line":151,"column":46},"end":{"line":151,"column":75}}},"fnMap":{"0":{"name":"(anonymous_0)","decl":{"start":{"line":20,"column":32},"end":{"line":20,"column":33}},"loc":{"start":{"line":20,"column":55},"end":{"line":171,"column":1}},"line":20},"1":{"name":"(anonymous_1)","decl":{"start":{"line":26,"column":27},"end":{"line":26,"column":28}},"loc":{"start":{"line":26,"column":62},"end":{"line":50,"column":3}},"line":26},"2":{"name":"(anonymous_2)","decl":{"start":{"line":37,"column":14},"end":{"line":37,"column":15}},"loc":{"start":{"line":37,"column":21},"end":{"line":37,"column":31}},"line":37},"3":{"name":"(anonymous_3)","decl":{"start":{"line":38,"column":14},"end":{"line":38,"column":15}},"loc":{"start":{"line":38,"column":26},"end":{"line":41,"column":9}},"line":38},"4":{"name":"(anonymous_4)","decl":{"start":{"line":42,"column":15},"end":{"line":42,"column":16}},"loc":{"start":{"line":42,"column":24},"end":{"line":45,"column":9}},"line":42},"5":{"name":"(anonymous_5)","decl":{"start":{"line":52,"column":20},"end":{"line":52,"column":21}},"loc":{"start":{"line":52,"column":65},"end":{"line":79,"column":3}},"line":52},"6":{"name":"(anonymous_6)","decl":{"start":{"line":63,"column":14},"end":{"line":63,"column":15}},"loc":{"start":{"line":63,"column":21},"end":{"line":63,"column":31}},"line":63},"7":{"name":"(anonymous_7)","decl":{"start":{"line":64,"column":14},"end":{"line":64,"column":15}},"loc":{"start":{"line":64,"column":26},"end":{"line":70,"column":9}},"line":64},"8":{"name":"(anonymous_8)","decl":{"start":{"line":67,"column":44},"end":{"line":67,"column":45}},"loc":{"start":{"line":67,"column":55},"end":{"line":67,"column":78}},"line":67},"9":{"name":"(anonymous_9)","decl":{"start":{"line":71,"column":15},"end":{"line":71,"column":16}},"loc":{"start":{"line":71,"column":24},"end":{"line":74,"column":9}},"line":71},"10":{"name":"(anonymous_10)","decl":{"start":{"line":100,"column":32},"end":{"line":100,"column":33}},"loc":{"start":{"line":100,"column":37},"end":{"line":100,"column":62}},"line":100},"11":{"name":"(anonymous_11)","decl":{"start":{"line":108,"column":31},"end":{"line":108,"column":32}},"loc":{"start":{"line":108,"column":36},"end":{"line":108,"column":55}},"line":108},"12":{"name":"(anonymous_12)","decl":{"start":{"line":135,"column":43},"end":{"line":135,"column":44}},"loc":{"start":{"line":136,"column":26},"end":{"line":156,"column":31}},"line":136},"13":{"name":"(anonymous_13)","decl":{"start":{"line":151,"column":41},"end":{"line":151,"column":42}},"loc":{"start":{"line":151,"column":46},"end":{"line":151,"column":75}},"line":151}},"branchMap":{"0":{"loc":{"start":{"line":113,"column":21},"end":{"line":115,"column":21}},"type":"binary-expr","locations":[{"start":{"line":113,"column":21},"end":{"line":113,"column":35}},{"start":{"line":114,"column":22},"end":{"line":114,"column":95}}],"line":113},"1":{"loc":{"start":{"line":116,"column":21},"end":{"line":118,"column":21}},"type":"binary-expr","locations":[{"start":{"line":116,"column":21},"end":{"line":116,"column":33}},{"start":{"line":117,"column":22},"end":{"line":117,"column":96}}],"line":116},"2":{"loc":{"start":{"line":122,"column":19},"end":{"line":162,"column":19}},"type":"cond-expr","locations":[{"start":{"line":123,"column":20},"end":{"line":159,"column":28}},{"start":{"line":161,"column":20},"end":{"line":161,"column":92}}],"line":122},"3":{"loc":{"start":{"line":122,"column":19},"end":{"line":122,"column":60}},"type":"binary-expr","locations":[{"start":{"line":122,"column":19},"end":{"line":122,"column":32}},{"start":{"line":122,"column":36},"end":{"line":122,"column":60}}],"line":122},"4":{"loc":{"start":{"line":146,"column":33},"end":{"line":146,"column":82}},"type":"cond-expr","locations":[{"start":{"line":146,"column":53},"end":{"line":146,"column":70}},{"start":{"line":146,"column":73},"end":{"line":146,"column":82}}],"line":146}},"s":{"0":1,"1":9,"2":9,"3":9,"4":9,"5":9,"6":2,"7":2,"8":2,"9":2,"10":2,"11":2,"12":2,"13":2,"14":2,"15":0,"16":0,"17":0,"18":0,"19":9,"20":1,"21":1,"22":1,"23":1,"24":1,"25":1,"26":1,"27":1,"28":1,"29":1,"30":1,"31":0,"32":0,"33":0,"34":0,"35":9,"36":2,"37":2,"38":2,"39":1},"f":{"0":9,"1":2,"2":2,"3":2,"4":0,"5":1,"6":1,"7":1,"8":1,"9":0,"10":2,"11":2,"12":2,"13":1},"b":{"0":[9,0],"1":[9,0],"2":[2,7],"3":[9,2],"4":[2,0]},"_coverageSchema":"1a1c01bbd47fc00a2c39e90264f33305004495a9","hash":"343fca906c2f9d07c3798b037d2b5c7d22ea23c9"}
}
