TN:
SF:components/Forms/AddMeal.tsx
FN:5,(anonymous_0)
FN:14,(anonymous_1)
FN:25,(anonymous_2)
FN:26,(anonymous_3)
FN:35,(anonymous_4)
FN:39,(anonymous_5)
FN:49,(anonymous_6)
FN:57,(anonymous_7)
FN:86,(anonymous_8)
FN:99,(anonymous_9)
FN:112,(anonymous_10)
FN:125,(anonymous_11)
FN:138,(anonymous_12)
FN:148,(anonymous_13)
FNF:14
FNH:12
FNDA:14,(anonymous_0)
FNDA:1,(anonymous_1)
FNDA:1,(anonymous_2)
FNDA:1,(anonymous_3)
FNDA:0,(anonymous_4)
FNDA:0,(anonymous_5)
FNDA:1,(anonymous_6)
FNDA:1,(anonymous_7)
FNDA:1,(anonymous_8)
FNDA:1,(anonymous_9)
FNDA:1,(anonymous_10)
FNDA:1,(anonymous_11)
FNDA:1,(anonymous_12)
FNDA:1,(anonymous_13)
DA:5,1
DA:6,14
DA:7,14
DA:8,14
DA:9,14
DA:10,14
DA:11,14
DA:12,14
DA:14,14
DA:15,1
DA:16,1
DA:17,1
DA:18,1
DA:19,1
DA:20,1
DA:25,1
DA:27,1
DA:28,1
DA:29,1
DA:30,1
DA:31,1
DA:32,1
DA:33,1
DA:35,1
DA:36,0
DA:40,0
DA:41,0
DA:44,0
DA:45,0
DA:49,14
DA:50,1
DA:51,1
DA:52,1
DA:53,1
DA:54,1
DA:57,14
DA:58,1
DA:59,1
DA:60,1
DA:61,1
DA:64,14
DA:86,1
DA:99,1
DA:112,1
DA:125,1
DA:138,1
DA:148,1
LF:47
LH:42
BRDA:152,0,0,14
BRDA:152,0,1,6
BRDA:155,1,0,14
BRDA:155,1,1,0
BRF:4
BRH:3
end_of_record
TN:
SF:components/Forms/AddWeight.tsx
FN:6,(anonymous_0)
FN:11,(anonymous_1)
FN:22,(anonymous_2)
FN:23,(anonymous_3)
FN:27,(anonymous_4)
FN:31,(anonymous_5)
FN:63,(anonymous_6)
FN:73,(anonymous_7)
FNF:8
FNH:6
FNDA:6,(anonymous_0)
FNDA:1,(anonymous_1)
FNDA:1,(anonymous_2)
FNDA:1,(anonymous_3)
FNDA:0,(anonymous_4)
FNDA:0,(anonymous_5)
FNDA:1,(anonymous_6)
FNDA:1,(anonymous_7)
DA:6,1
DA:7,6
DA:8,6
DA:9,6
DA:11,6
DA:12,1
DA:13,1
DA:14,1
DA:15,1
DA:16,1
DA:17,1
DA:22,1
DA:24,1
DA:25,1
DA:26,1
DA:27,1
DA:28,0
DA:32,0
DA:33,0
DA:36,0
DA:37,0
DA:41,6
DA:63,1
DA:73,1
LF:24
LH:19
BRDA:77,0,0,6
BRDA:77,0,1,2
BRDA:80,1,0,6
BRDA:80,1,1,0
BRF:4
BRH:3
end_of_record
TN:
SF:components/Forms/AddWorkout.tsx
FN:6,(anonymous_0)
FN:14,(anonymous_1)
FN:25,(anonymous_2)
FN:26,(anonymous_3)
FN:33,(anonymous_4)
FN:37,(anonymous_5)
FN:69,(anonymous_6)
FN:82,(anonymous_7)
FN:95,(anonymous_8)
FN:108,(anonymous_9)
FN:118,(anonymous_10)
FNF:11
FNH:9
FNDA:12,(anonymous_0)
FNDA:1,(anonymous_1)
FNDA:1,(anonymous_2)
FNDA:1,(anonymous_3)
FNDA:0,(anonymous_4)
FNDA:0,(anonymous_5)
FNDA:1,(anonymous_6)
FNDA:1,(anonymous_7)
FNDA:1,(anonymous_8)
FNDA:1,(anonymous_9)
FNDA:1,(anonymous_10)
DA:6,1
DA:7,12
DA:8,12
DA:9,12
DA:10,12
DA:11,12
DA:12,12
DA:14,12
DA:15,1
DA:16,1
DA:17,1
DA:18,1
DA:19,1
DA:20,1
DA:25,1
DA:27,1
DA:28,1
DA:29,1
DA:30,1
DA:31,1
DA:32,1
DA:33,1
DA:34,0
DA:38,0
DA:39,0
DA:42,0
DA:43,0
DA:47,12
DA:69,1
DA:82,1
DA:95,1
DA:108,1
DA:118,1
LF:33
LH:28
BRDA:122,0,0,12
BRDA:122,0,1,5
BRDA:125,1,0,12
BRDA:125,1,1,0
BRF:4
BRH:3
end_of_record
TN:
SF:components/Headers/FriendsHeader.tsx
FN:20,(anonymous_0)
FN:26,(anonymous_1)
FN:37,(anonymous_2)
FN:38,(anonymous_3)
FN:42,(anonymous_4)
FN:52,(anonymous_5)
FN:63,(anonymous_6)
FN:64,(anonymous_7)
FN:67,(anonymous_8)
FN:71,(anonymous_9)
FN:100,(anonymous_10)
FN:108,(anonymous_11)
FN:135,(anonymous_12)
FN:151,(anonymous_13)
FNF:14
FNH:12
FNDA:9,(anonymous_0)
FNDA:2,(anonymous_1)
FNDA:2,(anonymous_2)
FNDA:2,(anonymous_3)
FNDA:0,(anonymous_4)
FNDA:1,(anonymous_5)
FNDA:1,(anonymous_6)
FNDA:1,(anonymous_7)
FNDA:1,(anonymous_8)
FNDA:0,(anonymous_9)
FNDA:2,(anonymous_10)
FNDA:2,(anonymous_11)
FNDA:2,(anonymous_12)
FNDA:1,(anonymous_13)
DA:20,1
DA:21,9
DA:22,9
DA:23,9
DA:24,9
DA:26,9
DA:27,2
DA:28,2
DA:29,2
DA:30,2
DA:31,2
DA:32,2
DA:37,2
DA:39,2
DA:40,2
DA:43,0
DA:44,0
DA:47,0
DA:48,0
DA:52,9
DA:53,1
DA:54,1
DA:55,1
DA:56,1
DA:57,1
DA:58,1
DA:63,1
DA:67,1
DA:68,1
DA:69,1
DA:72,0
DA:73,0
DA:76,0
DA:77,0
DA:83,9
DA:100,2
DA:108,2
DA:136,2
DA:151,1
LF:39
LH:31
BRDA:113,0,0,9
BRDA:113,0,1,0
BRDA:116,1,0,9
BRDA:116,1,1,0
BRDA:122,2,0,2
BRDA:122,2,1,7
BRDA:122,3,0,9
BRDA:122,3,1,2
BRDA:146,4,0,2
BRDA:146,4,1,0
BRF:10
BRH:7
end_of_record
